<?xml version="1.0" encoding="UTF-8"?>
<!-- Generated by org.testng.reporters.JUnitXMLReporter -->
<testsuite ignored="0" hostname="AnushaChanna" failures="0" tests="3" name="Test" time="40.477" errors="0" timestamp="2024-09-02T00:45:07 IST">
  <testcase classname="facebook_testcase.Testcase1_Login" name="facebook" time="1.608"/>
  <testcase classname="facebook_testcase.Testcase2_Search" name="facebook" time="4.389">
    <skipped/>
  </testcase> <!-- facebook -->
  <testcase classname="facebook_testcase.Testcase2_Search" name="facebook" time="10.84"/>
</testsuite> <!-- Test -->
