<?xml version="1.0" encoding="UTF-8"?>
<!-- Generated by org.testng.reporters.JUnitXMLReporter -->
<testsuite ignored="0" hostname="AnushaChanna" failures="0" tests="3" name="Test" time="38.757" errors="0" timestamp="2024-09-02T00:50:06 IST">
  <testcase classname="facebook_testcase.Testcase1_Login" name="facebook" time="1.608"/>
  <testcase classname="facebook_testcase.Testcase2_Search" name="facebook" time="3.773">
    <skipped/>
  </testcase> <!-- facebook -->
  <testcase classname="facebook_testcase.Testcase2_Search" name="facebook" time="6.481"/>
</testsuite> <!-- Test -->
