<?xml version="1.0" encoding="UTF-8"?>
<testng-results retried="1" ignored="1" total="4" passed="2" failed="0" skipped="0">
  <reporter-output>
    <line>
      <![CDATA[testcase is pass > report from Listeners_FB ]]>
    </line>
    <line>
      <![CDATA[testcase is pass > report from Listeners_FB ]]>
    </line>
  </reporter-output>
  <suite started-at="2024-09-02T00:49:27 IST" name="Suite" finished-at="2024-09-02T00:50:06 IST" duration-ms="38757">
    <groups>
    </groups>
    <test started-at="2024-09-02T00:49:27 IST" name="Test" finished-at="2024-09-02T00:50:06 IST" duration-ms="38757">
      <class name="facebook_testcase.Testcase1_Login">
        <test-method is-config="true" signature="FbLaunch()[pri:0, instance:facebook_testcase.Testcase1_Login@4a883b15]" started-at="2024-09-02T00:49:27 IST" name="FbLaunch" finished-at="2024-09-02T00:49:33 IST" duration-ms="6309" status="PASS">
          <reporter-output>
          </reporter-output>
        </test-method> <!-- FbLaunch -->
        <test-method signature="facebook()[pri:0, instance:facebook_testcase.Testcase1_Login@4a883b15]" started-at="2024-09-02T00:49:33 IST" name="facebook" finished-at="2024-09-02T00:49:35 IST" duration-ms="1608" status="PASS">
          <reporter-output>
            <line>
              <![CDATA[testcase is pass > report from Listeners_FB ]]>
            </line>
          </reporter-output>
        </test-method> <!-- facebook -->
        <test-method is-config="true" signature="closeamazon()[pri:0, instance:facebook_testcase.Testcase1_Login@4a883b15]" started-at="2024-09-02T00:49:46 IST" name="closeamazon" finished-at="2024-09-02T00:49:46 IST" duration-ms="329" status="PASS">
          <reporter-output>
          </reporter-output>
        </test-method> <!-- closeamazon -->
      </class> <!-- facebook_testcase.Testcase1_Login -->
      <class name="facebook_testcase.Testcase2_Search">
        <test-method is-config="true" signature="FbLaunch()[pri:0, instance:facebook_testcase.Testcase2_Search@7d0b7e3c]" started-at="2024-09-02T00:49:46 IST" name="FbLaunch" finished-at="2024-09-02T00:49:51 IST" duration-ms="4022" status="PASS">
          <reporter-output>
          </reporter-output>
        </test-method> <!-- FbLaunch -->
        <test-method retried="true" signature="facebook()[pri:0, instance:facebook_testcase.Testcase2_Search@7d0b7e3c]" started-at="2024-09-02T00:49:51 IST" name="facebook" finished-at="2024-09-02T00:49:54 IST" duration-ms="3773" status="SKIP">
          <exception class="org.openqa.selenium.NoSuchElementException">
            <message>
              <![CDATA[no such element: Unable to locate element: {"method":"xpath","selector":"//input[@dir='ltr']"}
  (Session info: chrome=128.0.6613.86)
For documentation on this error, please visit: https://www.selenium.dev/documentation/webdriver/troubleshooting/errors#no-such-element-exception
Build info: version: '4.23.1', revision: '656257d8e9'
System info: os.name: 'Windows 10', os.arch: 'amd64', os.version: '10.0', java.version: '22.0.1'
Driver info: org.openqa.selenium.chrome.ChromeDriver
Command: [231b190f981714f544bdcba3020a3d30, findElement {value=//input[@dir='ltr'], using=xpath}]
Capabilities {acceptInsecureCerts: false, browserName: chrome, browserVersion: 128.0.6613.86, chrome: {chromedriverVersion: 128.0.6613.86 (3045ed680fda..., userDataDir: C:\Users\LENOVO\AppData\Loc...}, fedcm:accounts: true, goog:chromeOptions: {debuggerAddress: localhost:54373}, networkConnectionEnabled: false, pageLoadStrategy: normal, platformName: windows, proxy: Proxy(), se:cdp: ws://localhost:54373/devtoo..., se:cdpVersion: 128.0.6613.86, setWindowRect: true, strictFileInteractability: false, timeouts: {implicit: 0, pageLoad: 300000, script: 30000}, unhandledPromptBehavior: dismiss and notify, webauthn:extension:credBlob: true, webauthn:extension:largeBlob: true, webauthn:extension:minPinLength: true, webauthn:extension:prf: true, webauthn:virtualAuthenticators: true}
Session ID: 231b190f981714f544bdcba3020a3d30]]>
            </message>
            <full-stacktrace>
              <![CDATA[org.openqa.selenium.NoSuchElementException: no such element: Unable to locate element: {"method":"xpath","selector":"//input[@dir='ltr']"}
  (Session info: chrome=128.0.6613.86)
For documentation on this error, please visit: https://www.selenium.dev/documentation/webdriver/troubleshooting/errors#no-such-element-exception
Build info: version: '4.23.1', revision: '656257d8e9'
System info: os.name: 'Windows 10', os.arch: 'amd64', os.version: '10.0', java.version: '22.0.1'
Driver info: org.openqa.selenium.chrome.ChromeDriver
Command: [231b190f981714f544bdcba3020a3d30, findElement {value=//input[@dir='ltr'], using=xpath}]
Capabilities {acceptInsecureCerts: false, browserName: chrome, browserVersion: 128.0.6613.86, chrome: {chromedriverVersion: 128.0.6613.86 (3045ed680fda..., userDataDir: C:\Users\LENOVO\AppData\Loc...}, fedcm:accounts: true, goog:chromeOptions: {debuggerAddress: localhost:54373}, networkConnectionEnabled: false, pageLoadStrategy: normal, platformName: windows, proxy: Proxy(), se:cdp: ws://localhost:54373/devtoo..., se:cdpVersion: 128.0.6613.86, setWindowRect: true, strictFileInteractability: false, timeouts: {implicit: 0, pageLoad: 300000, script: 30000}, unhandledPromptBehavior: dismiss and notify, webauthn:extension:credBlob: true, webauthn:extension:largeBlob: true, webauthn:extension:minPinLength: true, webauthn:extension:prf: true, webauthn:virtualAuthenticators: true}
Session ID: 231b190f981714f544bdcba3020a3d30
at java.base/jdk.internal.reflect.DirectConstructorHandleAccessor.newInstance(DirectConstructorHandleAccessor.java:62)
at java.base/java.lang.reflect.Constructor.newInstanceWithCaller(Constructor.java:502)
at java.base/java.lang.reflect.Constructor.newInstance(Constructor.java:486)
at org.openqa.selenium.remote.ErrorCodec.decode(ErrorCodec.java:167)
at org.openqa.selenium.remote.codec.w3c.W3CHttpResponseCodec.decode(W3CHttpResponseCodec.java:138)
at org.openqa.selenium.remote.codec.w3c.W3CHttpResponseCodec.decode(W3CHttpResponseCodec.java:50)
at org.openqa.selenium.remote.HttpCommandExecutor.execute(HttpCommandExecutor.java:190)
at org.openqa.selenium.remote.service.DriverCommandExecutor.invokeExecute(DriverCommandExecutor.java:216)
at org.openqa.selenium.remote.service.DriverCommandExecutor.execute(DriverCommandExecutor.java:174)
at org.openqa.selenium.remote.RemoteWebDriver.execute(RemoteWebDriver.java:545)
at org.openqa.selenium.remote.ElementLocation$ElementFinder$2.findElement(ElementLocation.java:165)
at org.openqa.selenium.remote.ElementLocation.findElement(ElementLocation.java:59)
at org.openqa.selenium.remote.RemoteWebDriver.findElement(RemoteWebDriver.java:368)
at org.openqa.selenium.remote.RemoteWebDriver.findElement(RemoteWebDriver.java:362)
at org.openqa.selenium.support.pagefactory.DefaultElementLocator.findElement(DefaultElementLocator.java:68)
at org.openqa.selenium.support.pagefactory.internal.LocatingElementHandler.invoke(LocatingElementHandler.java:38)
at jdk.proxy2/jdk.proxy2.$Proxy10.sendKeys(Unknown Source)
at facebook_source.Homepage_login.search_Friend(Homepage_login.java:19)
at facebook_testcase.Testcase2_Search.facebook(Testcase2_Search.java:27)
at java.base/jdk.internal.reflect.DirectMethodHandleAccessor.invoke(DirectMethodHandleAccessor.java:103)
at java.base/java.lang.reflect.Method.invoke(Method.java:580)
at org.testng.internal.invokers.MethodInvocationHelper.invokeMethod(MethodInvocationHelper.java:139)
at org.testng.internal.invokers.TestInvoker.invokeMethod(TestInvoker.java:664)
at org.testng.internal.invokers.TestInvoker.invokeTestMethod(TestInvoker.java:227)
at org.testng.internal.invokers.MethodRunner.runInSequence(MethodRunner.java:50)
at org.testng.internal.invokers.TestInvoker$MethodInvocationAgent.invoke(TestInvoker.java:957)
at org.testng.internal.invokers.TestInvoker.invokeTestMethods(TestInvoker.java:200)
at org.testng.internal.invokers.TestMethodWorker.invokeTestMethods(TestMethodWorker.java:148)
at org.testng.internal.invokers.TestMethodWorker.run(TestMethodWorker.java:128)
at java.base/java.util.ArrayList.forEach(ArrayList.java:1597)
at org.testng.TestRunner.privateRun(TestRunner.java:848)
at org.testng.TestRunner.run(TestRunner.java:621)
at org.testng.SuiteRunner.runTest(SuiteRunner.java:443)
at org.testng.SuiteRunner.runSequentially(SuiteRunner.java:437)
at org.testng.SuiteRunner.privateRun(SuiteRunner.java:397)
at org.testng.SuiteRunner.run(SuiteRunner.java:336)
at org.testng.SuiteRunnerWorker.runSuite(SuiteRunnerWorker.java:52)
at org.testng.SuiteRunnerWorker.run(SuiteRunnerWorker.java:95)
at org.testng.TestNG.runSuitesSequentially(TestNG.java:1280)
at org.testng.TestNG.runSuitesLocally(TestNG.java:1200)
at org.testng.TestNG.runSuites(TestNG.java:1114)
at org.testng.TestNG.run(TestNG.java:1082)
at org.apache.maven.surefire.testng.TestNGExecutor.run(TestNGExecutor.java:324)
at org.apache.maven.surefire.testng.TestNGXmlTestSuite.execute(TestNGXmlTestSuite.java:74)
at org.apache.maven.surefire.testng.TestNGProvider.invoke(TestNGProvider.java:123)
at org.apache.maven.surefire.booter.ForkedBooter.runSuitesInProcess(ForkedBooter.java:456)
at org.apache.maven.surefire.booter.ForkedBooter.execute(ForkedBooter.java:169)
at org.apache.maven.surefire.booter.ForkedBooter.run(ForkedBooter.java:595)
at org.apache.maven.surefire.booter.ForkedBooter.main(ForkedBooter.java:581)
]]>
            </full-stacktrace>
          </exception> <!-- org.openqa.selenium.NoSuchElementException -->
          <reporter-output>
          </reporter-output>
        </test-method> <!-- facebook -->
        <test-method is-config="true" signature="closeamazon()[pri:0, instance:facebook_testcase.Testcase2_Search@7d0b7e3c]" started-at="2024-09-02T00:49:54 IST" name="closeamazon" finished-at="2024-09-02T00:49:55 IST" duration-ms="343" status="PASS">
          <reporter-output>
          </reporter-output>
        </test-method> <!-- closeamazon -->
        <test-method is-config="true" signature="FbLaunch()[pri:0, instance:facebook_testcase.Testcase2_Search@7d0b7e3c]" started-at="2024-09-02T00:49:55 IST" name="FbLaunch" finished-at="2024-09-02T00:49:59 IST" duration-ms="3921" status="PASS">
          <reporter-output>
          </reporter-output>
        </test-method> <!-- FbLaunch -->
        <test-method signature="facebook()[pri:0, instance:facebook_testcase.Testcase2_Search@7d0b7e3c]" started-at="2024-09-02T00:49:59 IST" name="facebook" finished-at="2024-09-02T00:50:05 IST" duration-ms="6481" status="PASS">
          <reporter-output>
            <line>
              <![CDATA[testcase is pass > report from Listeners_FB ]]>
            </line>
          </reporter-output>
        </test-method> <!-- facebook -->
        <test-method is-config="true" signature="closeamazon()[pri:0, instance:facebook_testcase.Testcase2_Search@7d0b7e3c]" started-at="2024-09-02T00:50:06 IST" name="closeamazon" finished-at="2024-09-02T00:50:06 IST" duration-ms="365" status="PASS">
          <reporter-output>
          </reporter-output>
        </test-method> <!-- closeamazon -->
      </class> <!-- facebook_testcase.Testcase2_Search -->
    </test> <!-- Test -->
  </suite> <!-- Suite -->
</testng-results>
