<?xml version="1.0" encoding="UTF-8"?>
<testng-results retried="1" ignored="0" total="3" passed="2" failed="0" skipped="0">
  <reporter-output>
    <line>
      <![CDATA[testcase is pass > report from Listeners_FB ]]>
    </line>
    <line>
      <![CDATA[testcase is pass > report from Listeners_FB ]]>
    </line>
  </reporter-output>
  <suite started-at="2024-09-02T00:16:23 IST" name="Suite" finished-at="2024-09-02T00:17:20 IST" duration-ms="57751">
    <groups>
    </groups>
    <test started-at="2024-09-02T00:16:23 IST" name="Test" finished-at="2024-09-02T00:17:20 IST" duration-ms="57751">
      <class name="facebook_testcase.Testcase1_Login">
        <test-method is-config="true" signature="FbLaunch()[pri:0, instance:facebook_testcase.Testcase1_Login@506ae4d4]" started-at="2024-09-02T00:16:23 IST" name="FbLaunch" finished-at="2024-09-02T00:16:29 IST" duration-ms="5930" status="PASS">
          <reporter-output>
          </reporter-output>
        </test-method> <!-- FbLaunch -->
        <test-method signature="facebook()[pri:0, instance:facebook_testcase.Testcase1_Login@506ae4d4]" started-at="2024-09-02T00:16:29 IST" name="facebook" finished-at="2024-09-02T00:16:31 IST" duration-ms="1931" status="PASS">
          <reporter-output>
            <line>
              <![CDATA[testcase is pass > report from Listeners_FB ]]>
            </line>
          </reporter-output>
        </test-method> <!-- facebook -->
        <test-method is-config="true" signature="closeamazon()[pri:0, instance:facebook_testcase.Testcase1_Login@506ae4d4]" started-at="2024-09-02T00:16:36 IST" name="closeamazon" finished-at="2024-09-02T00:16:39 IST" duration-ms="3010" status="PASS">
          <reporter-output>
          </reporter-output>
        </test-method> <!-- closeamazon -->
      </class> <!-- facebook_testcase.Testcase1_Login -->
      <class name="facebook_testcase.Testcase2_Search">
        <test-method is-config="true" signature="FbLaunch()[pri:0, instance:facebook_testcase.Testcase2_Search@63376bed]" started-at="2024-09-02T00:16:39 IST" name="FbLaunch" finished-at="2024-09-02T00:16:43 IST" duration-ms="3993" status="PASS">
          <reporter-output>
          </reporter-output>
        </test-method> <!-- FbLaunch -->
        <test-method retried="true" signature="facebook()[pri:0, instance:facebook_testcase.Testcase2_Search@63376bed]" started-at="2024-09-02T00:16:43 IST" name="facebook" finished-at="2024-09-02T00:16:48 IST" duration-ms="4160" status="SKIP">
          <exception class="org.openqa.selenium.NoSuchElementException">
            <message>
              <![CDATA[no such element: Unable to locate element: {"method":"xpath","selector":"//input[@dir='ltr']"}
  (Session info: chrome=128.0.6613.86)
For documentation on this error, please visit: https://www.selenium.dev/documentation/webdriver/troubleshooting/errors#no-such-element-exception
Build info: version: '4.23.1', revision: '656257d8e9'
System info: os.name: 'Windows 10', os.arch: 'amd64', os.version: '10.0', java.version: '22.0.1'
Driver info: org.openqa.selenium.chrome.ChromeDriver
Command: [9f2882ca9624b3de72219c4dae91c70c, findElement {value=//input[@dir='ltr'], using=xpath}]
Capabilities {acceptInsecureCerts: false, browserName: chrome, browserVersion: 128.0.6613.86, chrome: {chromedriverVersion: 128.0.6613.86 (3045ed680fda..., userDataDir: C:\Users\LENOVO\AppData\Loc...}, fedcm:accounts: true, goog:chromeOptions: {debuggerAddress: localhost:52621}, networkConnectionEnabled: false, pageLoadStrategy: normal, platformName: windows, proxy: Proxy(), se:cdp: ws://localhost:52621/devtoo..., se:cdpVersion: 128.0.6613.86, setWindowRect: true, strictFileInteractability: false, timeouts: {implicit: 0, pageLoad: 300000, script: 30000}, unhandledPromptBehavior: dismiss and notify, webauthn:extension:credBlob: true, webauthn:extension:largeBlob: true, webauthn:extension:minPinLength: true, webauthn:extension:prf: true, webauthn:virtualAuthenticators: true}
Session ID: 9f2882ca9624b3de72219c4dae91c70c]]>
            </message>
            <full-stacktrace>
              <![CDATA[org.openqa.selenium.NoSuchElementException: no such element: Unable to locate element: {"method":"xpath","selector":"//input[@dir='ltr']"}
  (Session info: chrome=128.0.6613.86)
For documentation on this error, please visit: https://www.selenium.dev/documentation/webdriver/troubleshooting/errors#no-such-element-exception
Build info: version: '4.23.1', revision: '656257d8e9'
System info: os.name: 'Windows 10', os.arch: 'amd64', os.version: '10.0', java.version: '22.0.1'
Driver info: org.openqa.selenium.chrome.ChromeDriver
Command: [9f2882ca9624b3de72219c4dae91c70c, findElement {value=//input[@dir='ltr'], using=xpath}]
Capabilities {acceptInsecureCerts: false, browserName: chrome, browserVersion: 128.0.6613.86, chrome: {chromedriverVersion: 128.0.6613.86 (3045ed680fda..., userDataDir: C:\Users\LENOVO\AppData\Loc...}, fedcm:accounts: true, goog:chromeOptions: {debuggerAddress: localhost:52621}, networkConnectionEnabled: false, pageLoadStrategy: normal, platformName: windows, proxy: Proxy(), se:cdp: ws://localhost:52621/devtoo..., se:cdpVersion: 128.0.6613.86, setWindowRect: true, strictFileInteractability: false, timeouts: {implicit: 0, pageLoad: 300000, script: 30000}, unhandledPromptBehavior: dismiss and notify, webauthn:extension:credBlob: true, webauthn:extension:largeBlob: true, webauthn:extension:minPinLength: true, webauthn:extension:prf: true, webauthn:virtualAuthenticators: true}
Session ID: 9f2882ca9624b3de72219c4dae91c70c
at java.base/jdk.internal.reflect.DirectConstructorHandleAccessor.newInstance(DirectConstructorHandleAccessor.java:62)
at java.base/java.lang.reflect.Constructor.newInstanceWithCaller(Constructor.java:502)
at java.base/java.lang.reflect.Constructor.newInstance(Constructor.java:486)
at org.openqa.selenium.remote.ErrorCodec.decode(ErrorCodec.java:167)
at org.openqa.selenium.remote.codec.w3c.W3CHttpResponseCodec.decode(W3CHttpResponseCodec.java:138)
at org.openqa.selenium.remote.codec.w3c.W3CHttpResponseCodec.decode(W3CHttpResponseCodec.java:50)
at org.openqa.selenium.remote.HttpCommandExecutor.execute(HttpCommandExecutor.java:190)
at org.openqa.selenium.remote.service.DriverCommandExecutor.invokeExecute(DriverCommandExecutor.java:216)
at org.openqa.selenium.remote.service.DriverCommandExecutor.execute(DriverCommandExecutor.java:174)
at org.openqa.selenium.remote.RemoteWebDriver.execute(RemoteWebDriver.java:545)
at org.openqa.selenium.remote.ElementLocation$ElementFinder$2.findElement(ElementLocation.java:165)
at org.openqa.selenium.remote.ElementLocation.findElement(ElementLocation.java:59)
at org.openqa.selenium.remote.RemoteWebDriver.findElement(RemoteWebDriver.java:368)
at org.openqa.selenium.remote.RemoteWebDriver.findElement(RemoteWebDriver.java:362)
at org.openqa.selenium.support.pagefactory.DefaultElementLocator.findElement(DefaultElementLocator.java:68)
at org.openqa.selenium.support.pagefactory.internal.LocatingElementHandler.invoke(LocatingElementHandler.java:38)
at jdk.proxy2/jdk.proxy2.$Proxy14.sendKeys(Unknown Source)
at facebook_source.Homepage_login.search_Friend(Homepage_login.java:19)
at facebook_testcase.Testcase2_Search.facebook(Testcase2_Search.java:27)
at java.base/jdk.internal.reflect.DirectMethodHandleAccessor.invoke(DirectMethodHandleAccessor.java:103)
at java.base/java.lang.reflect.Method.invoke(Method.java:580)
at org.testng.internal.MethodInvocationHelper.invokeMethod(MethodInvocationHelper.java:133)
at org.testng.internal.TestInvoker.invokeMethod(TestInvoker.java:598)
at org.testng.internal.TestInvoker.invokeTestMethod(TestInvoker.java:173)
at org.testng.internal.MethodRunner.runInSequence(MethodRunner.java:46)
at org.testng.internal.TestInvoker$MethodInvocationAgent.invoke(TestInvoker.java:824)
at org.testng.internal.TestInvoker.invokeTestMethods(TestInvoker.java:146)
at org.testng.internal.TestMethodWorker.invokeTestMethods(TestMethodWorker.java:146)
at org.testng.internal.TestMethodWorker.run(TestMethodWorker.java:128)
at java.base/java.util.ArrayList.forEach(ArrayList.java:1597)
at org.testng.TestRunner.privateRun(TestRunner.java:794)
at org.testng.TestRunner.run(TestRunner.java:596)
at org.testng.SuiteRunner.runTest(SuiteRunner.java:377)
at org.testng.SuiteRunner.runSequentially(SuiteRunner.java:371)
at org.testng.SuiteRunner.privateRun(SuiteRunner.java:332)
at org.testng.SuiteRunner.run(SuiteRunner.java:276)
at org.testng.SuiteRunnerWorker.runSuite(SuiteRunnerWorker.java:53)
at org.testng.SuiteRunnerWorker.run(SuiteRunnerWorker.java:96)
at org.testng.TestNG.runSuitesSequentially(TestNG.java:1212)
at org.testng.TestNG.runSuitesLocally(TestNG.java:1134)
at org.testng.TestNG.runSuites(TestNG.java:1063)
at org.testng.TestNG.run(TestNG.java:1031)
at org.testng.remote.AbstractRemoteTestNG.run(AbstractRemoteTestNG.java:115)
at org.testng.remote.RemoteTestNG.initAndRun(RemoteTestNG.java:293)
at org.testng.remote.RemoteTestNG.main(RemoteTestNG.java:91)
]]>
            </full-stacktrace>
          </exception> <!-- org.openqa.selenium.NoSuchElementException -->
          <reporter-output>
          </reporter-output>
        </test-method> <!-- facebook -->
        <test-method is-config="true" signature="closeamazon()[pri:0, instance:facebook_testcase.Testcase2_Search@63376bed]" started-at="2024-09-02T00:16:48 IST" name="closeamazon" finished-at="2024-09-02T00:16:51 IST" duration-ms="3004" status="PASS">
          <reporter-output>
          </reporter-output>
        </test-method> <!-- closeamazon -->
        <test-method is-config="true" signature="FbLaunch()[pri:0, instance:facebook_testcase.Testcase2_Search@63376bed]" started-at="2024-09-02T00:16:51 IST" name="FbLaunch" finished-at="2024-09-02T00:16:55 IST" duration-ms="4915" status="PASS">
          <reporter-output>
          </reporter-output>
        </test-method> <!-- FbLaunch -->
        <test-method signature="facebook()[pri:0, instance:facebook_testcase.Testcase2_Search@63376bed]" started-at="2024-09-02T00:16:55 IST" name="facebook" finished-at="2024-09-02T00:17:17 IST" duration-ms="21555" status="PASS">
          <reporter-output>
            <line>
              <![CDATA[testcase is pass > report from Listeners_FB ]]>
            </line>
          </reporter-output>
        </test-method> <!-- facebook -->
        <test-method is-config="true" signature="closeamazon()[pri:0, instance:facebook_testcase.Testcase2_Search@63376bed]" started-at="2024-09-02T00:17:17 IST" name="closeamazon" finished-at="2024-09-02T00:17:20 IST" duration-ms="3019" status="PASS">
          <reporter-output>
          </reporter-output>
        </test-method> <!-- closeamazon -->
      </class> <!-- facebook_testcase.Testcase2_Search -->
    </test> <!-- Test -->
  </suite> <!-- Suite -->
</testng-results>
